

Processing CaptchaController#test (for 127.0.0.1 at 2013-09-16 14:17:17) [GET]

ActionController::UnknownAction (No action responded to test. Actions: generate):
  /usr/lib/ruby/1.8/webrick/httpserver.rb:104:in `service'
  /usr/lib/ruby/1.8/webrick/httpserver.rb:65:in `run'
  /usr/lib/ruby/1.8/webrick/server.rb:173:in `start_thread'
  /usr/lib/ruby/1.8/webrick/server.rb:162:in `start'
  /usr/lib/ruby/1.8/webrick/server.rb:162:in `start_thread'
  /usr/lib/ruby/1.8/webrick/server.rb:95:in `start'
  /usr/lib/ruby/1.8/webrick/server.rb:92:in `each'
  /usr/lib/ruby/1.8/webrick/server.rb:92:in `start'
  /usr/lib/ruby/1.8/webrick/server.rb:23:in `start'
  /usr/lib/ruby/1.8/webrick/server.rb:82:in `start'

Rendering rescues/layout (not_found)


Processing CaptchaController#test (for 127.0.0.1 at 2013-09-16 14:21:48) [GET]
Rendering captcha/test

ActionView::TemplateError (Called id for nil, which would mistakenly be 4 -- if you really wanted the id of nil, use object_id) on line #1 of app/views/captcha/test.html.erb:
1: <% form_for @user, :url => {:action => 'goblack'} do |f| %>
2:   <%= render :partial => 'captcha/form' %>
3:   <p>
4:     <%= f.submit 'Check!'%>

    app/views/captcha/test.html.erb:1
    /usr/lib/ruby/1.8/webrick/httpserver.rb:104:in `service'
    /usr/lib/ruby/1.8/webrick/httpserver.rb:65:in `run'
    /usr/lib/ruby/1.8/webrick/server.rb:173:in `start_thread'
    /usr/lib/ruby/1.8/webrick/server.rb:162:in `start'
    /usr/lib/ruby/1.8/webrick/server.rb:162:in `start_thread'
    /usr/lib/ruby/1.8/webrick/server.rb:95:in `start'
    /usr/lib/ruby/1.8/webrick/server.rb:92:in `each'
    /usr/lib/ruby/1.8/webrick/server.rb:92:in `start'
    /usr/lib/ruby/1.8/webrick/server.rb:23:in `start'
    /usr/lib/ruby/1.8/webrick/server.rb:82:in `start'

Rendered rescues/_trace (23.5ms)
Rendered rescues/_request_and_response (1.0ms)
Rendering rescues/layout (internal_server_error)


Processing CaptchaController#test (for 127.0.0.1 at 2013-09-16 14:22:11) [GET]
Rendering captcha/test

ActionView::TemplateError (Called id for nil, which would mistakenly be 4 -- if you really wanted the id of nil, use object_id) on line #1 of app/views/captcha/test.html.erb:
1: <% form_for @user, :url => {:action => 'test'} do |f| %>
2:   <%= render :partial => 'captcha/form' %>
3:   <p>
4:     <%= f.submit 'Check!'%>

    app/views/captcha/test.html.erb:1
    /usr/lib/ruby/1.8/webrick/httpserver.rb:104:in `service'
    /usr/lib/ruby/1.8/webrick/httpserver.rb:65:in `run'
    /usr/lib/ruby/1.8/webrick/server.rb:173:in `start_thread'
    /usr/lib/ruby/1.8/webrick/server.rb:162:in `start'
    /usr/lib/ruby/1.8/webrick/server.rb:162:in `start_thread'
    /usr/lib/ruby/1.8/webrick/server.rb:95:in `start'
    /usr/lib/ruby/1.8/webrick/server.rb:92:in `each'
    /usr/lib/ruby/1.8/webrick/server.rb:92:in `start'
    /usr/lib/ruby/1.8/webrick/server.rb:23:in `start'
    /usr/lib/ruby/1.8/webrick/server.rb:82:in `start'

Rendered rescues/_trace (22.9ms)
Rendered rescues/_request_and_response (0.2ms)
Rendering rescues/layout (internal_server_error)


Processing CaptchaController#test (for 127.0.0.1 at 2013-09-16 14:22:23) [GET]
Rendering captcha/test

ActionView::TemplateError (You have a nil object when you didn't expect it!
You might have expected an instance of ActiveRecord::Base.
The error occurred while evaluating nil.new_record?) on line #1 of app/views/captcha/test.html.erb:
1: <% form :url => {:action => 'test'} do |f| %>
2:   <%= render :partial => 'captcha/form' %>
3:   <p>
4:     <%= f.submit 'Check!'%>

    app/views/captcha/test.html.erb:1
    /usr/lib/ruby/1.8/webrick/httpserver.rb:104:in `service'
    /usr/lib/ruby/1.8/webrick/httpserver.rb:65:in `run'
    /usr/lib/ruby/1.8/webrick/server.rb:173:in `start_thread'
    /usr/lib/ruby/1.8/webrick/server.rb:162:in `start'
    /usr/lib/ruby/1.8/webrick/server.rb:162:in `start_thread'
    /usr/lib/ruby/1.8/webrick/server.rb:95:in `start'
    /usr/lib/ruby/1.8/webrick/server.rb:92:in `each'
    /usr/lib/ruby/1.8/webrick/server.rb:92:in `start'
    /usr/lib/ruby/1.8/webrick/server.rb:23:in `start'
    /usr/lib/ruby/1.8/webrick/server.rb:82:in `start'

Rendered rescues/_trace (21.2ms)
Rendered rescues/_request_and_response (0.3ms)
Rendering rescues/layout (internal_server_error)


Processing CaptchaController#test (for 127.0.0.1 at 2013-09-16 14:23:11) [GET]
Rendering captcha/test
ERROR: compiling _run_erb_app47views47captcha47test46html46erb RAISED compile error
/media/null/project/github/ruby-cool-captcha/app/views/captcha/test.html.erb:1: syntax error, unexpected ':', expecting '}'
...=> {:controller => 'captcha' :action => 'test'} do |f| ; @ou...
                              ^
/media/null/project/github/ruby-cool-captcha/app/views/captcha/test.html.erb:1: syntax error, unexpected '}', expecting kEND
...> 'captcha' :action => 'test'} do |f| ; @output_buffer.conca...
                              ^
/media/null/project/github/ruby-cool-captcha/app/views/captcha/test.html.erb:8: syntax error, unexpected kENSURE, expecting $end
Function body:           def _run_erb_app47views47captcha47test46html46erb(local_assigns)
            old_output_buffer = output_buffer;;@output_buffer = '';  __in_erb_template=true ;  form :url => {:controller => 'captcha' :action => 'test'} do |f| ; @output_buffer.concat "\n  "
; @output_buffer.concat(( render :partial => 'captcha/form' ).to_s); @output_buffer.concat "\n  <p>\n    "

; @output_buffer.concat(( f.submit 'Check!').to_s); @output_buffer.concat "\n  </p>\n"

;  end ; @output_buffer.concat "\n"
; @output_buffer
          ensure
            self.output_buffer = old_output_buffer
          end
Backtrace: /media/null/project/github/ruby-cool-captcha/app/views/captcha/test.html.erb:8:in `compile!'
/var/lib/gems/1.8/gems/actionpack-2.3.18/lib/action_view/renderable.rb:61:in `compile'
/var/lib/gems/1.8/gems/actionpack-2.3.18/lib/action_view/renderable.rb:28:in `render'
/var/lib/gems/1.8/gems/actionpack-2.3.18/lib/action_view/template.rb:205:in `render_template'
/var/lib/gems/1.8/gems/actionpack-2.3.18/lib/action_view/base.rb:265:in `render'
/var/lib/gems/1.8/gems/actionpack-2.3.18/lib/action_controller/base.rb:1252:in `render_for_file'
/var/lib/gems/1.8/gems/actionpack-2.3.18/lib/action_controller/base.rb:936:in `render_without_benchmark'
/var/lib/gems/1.8/gems/actionpack-2.3.18/lib/action_controller/benchmarking.rb:51:in `render'
/var/lib/gems/1.8/gems/activesupport-2.3.18/lib/active_support/core_ext/benchmark.rb:17:in `ms'
/usr/lib/ruby/1.8/benchmark.rb:308:in `realtime'
/var/lib/gems/1.8/gems/activesupport-2.3.18/lib/active_support/core_ext/benchmark.rb:17:in `ms'
/var/lib/gems/1.8/gems/actionpack-2.3.18/lib/action_controller/benchmarking.rb:51:in `render'
/var/lib/gems/1.8/gems/actionpack-2.3.18/lib/action_controller/base.rb:1328:in `default_render'
/var/lib/gems/1.8/gems/actionpack-2.3.18/lib/action_controller/base.rb:1334:in `perform_action_without_filters'
/var/lib/gems/1.8/gems/actionpack-2.3.18/lib/action_controller/filters.rb:617:in `call_filters'
/var/lib/gems/1.8/gems/actionpack-2.3.18/lib/action_controller/filters.rb:610:in `perform_action_without_benchmark'
/var/lib/gems/1.8/gems/actionpack-2.3.18/lib/action_controller/benchmarking.rb:68:in `perform_action_without_rescue'
/var/lib/gems/1.8/gems/activesupport-2.3.18/lib/active_support/core_ext/benchmark.rb:17:in `ms'
/usr/lib/ruby/1.8/benchmark.rb:308:in `realtime'
/var/lib/gems/1.8/gems/activesupport-2.3.18/lib/active_support/core_ext/benchmark.rb:17:in `ms'
/var/lib/gems/1.8/gems/actionpack-2.3.18/lib/action_controller/benchmarking.rb:68:in `perform_action_without_rescue'
/var/lib/gems/1.8/gems/actionpack-2.3.18/lib/action_controller/rescue.rb:160:in `perform_action_without_flash'
/var/lib/gems/1.8/gems/actionpack-2.3.18/lib/action_controller/flash.rb:151:in `perform_action'
/var/lib/gems/1.8/gems/actionpack-2.3.18/lib/action_controller/base.rb:532:in `send'
/var/lib/gems/1.8/gems/actionpack-2.3.18/lib/action_controller/base.rb:532:in `process_without_filters'
/var/lib/gems/1.8/gems/actionpack-2.3.18/lib/action_controller/filters.rb:606:in `process'
/var/lib/gems/1.8/gems/actionpack-2.3.18/lib/action_controller/base.rb:391:in `process'
/var/lib/gems/1.8/gems/actionpack-2.3.18/lib/action_controller/base.rb:386:in `call'
/var/lib/gems/1.8/gems/actionpack-2.3.18/lib/action_controller/routing/route_set.rb:438:in `call'
/var/lib/gems/1.8/gems/actionpack-2.3.18/lib/action_controller/dispatcher.rb:87:in `dispatch'
/var/lib/gems/1.8/gems/actionpack-2.3.18/lib/action_controller/dispatcher.rb:121:in `_call'
/var/lib/gems/1.8/gems/actionpack-2.3.18/lib/action_controller/dispatcher.rb:130:in `build_middleware_stack'
/var/lib/gems/1.8/gems/activerecord-2.3.18/lib/active_record/query_cache.rb:29:in `call'
/var/lib/gems/1.8/gems/activerecord-2.3.18/lib/active_record/query_cache.rb:29:in `call'
/var/lib/gems/1.8/gems/activerecord-2.3.18/lib/active_record/connection_adapters/abstract/query_cache.rb:34:in `cache'
/var/lib/gems/1.8/gems/activerecord-2.3.18/lib/active_record/query_cache.rb:9:in `cache'
/var/lib/gems/1.8/gems/activerecord-2.3.18/lib/active_record/query_cache.rb:28:in `call'
/var/lib/gems/1.8/gems/activerecord-2.3.18/lib/active_record/connection_adapters/abstract/connection_pool.rb:361:in `call'
/var/lib/gems/1.8/gems/actionpack-2.3.18/lib/action_controller/string_coercion.rb:25:in `call'
/var/lib/gems/1.8/gems/rack-1.1.6/lib/rack/head.rb:9:in `call'
/var/lib/gems/1.8/gems/rack-1.1.6/lib/rack/methodoverride.rb:24:in `call'
/var/lib/gems/1.8/gems/actionpack-2.3.18/lib/action_controller/params_parser.rb:15:in `call'
/var/lib/gems/1.8/gems/actionpack-2.3.18/lib/action_controller/session/cookie_store.rb:99:in `call'
/var/lib/gems/1.8/gems/actionpack-2.3.18/lib/action_controller/failsafe.rb:26:in `call'
/var/lib/gems/1.8/gems/rack-1.1.6/lib/rack/lock.rb:11:in `call'
/var/lib/gems/1.8/gems/rack-1.1.6/lib/rack/lock.rb:11:in `synchronize'
/var/lib/gems/1.8/gems/rack-1.1.6/lib/rack/lock.rb:11:in `call'
/var/lib/gems/1.8/gems/actionpack-2.3.18/lib/action_controller/dispatcher.rb:114:in `call'
/var/lib/gems/1.8/gems/actionpack-2.3.18/lib/action_controller/reloader.rb:34:in `run'
/var/lib/gems/1.8/gems/actionpack-2.3.18/lib/action_controller/dispatcher.rb:108:in `call'
/var/lib/gems/1.8/gems/rails-2.3.18/lib/rails/rack/static.rb:31:in `call'
/var/lib/gems/1.8/gems/rack-1.1.6/lib/rack/urlmap.rb:47:in `call'
/var/lib/gems/1.8/gems/rack-1.1.6/lib/rack/urlmap.rb:41:in `each'
/var/lib/gems/1.8/gems/rack-1.1.6/lib/rack/urlmap.rb:41:in `call'
/var/lib/gems/1.8/gems/rails-2.3.18/lib/rails/rack/log_tailer.rb:17:in `call'
/var/lib/gems/1.8/gems/rack-1.1.6/lib/rack/content_length.rb:13:in `call'
/var/lib/gems/1.8/gems/rack-1.1.6/lib/rack/handler/webrick.rb:48:in `service'
/usr/lib/ruby/1.8/webrick/httpserver.rb:104:in `service'
/usr/lib/ruby/1.8/webrick/httpserver.rb:65:in `run'
/usr/lib/ruby/1.8/webrick/server.rb:173:in `start_thread'
/usr/lib/ruby/1.8/webrick/server.rb:162:in `start'
/usr/lib/ruby/1.8/webrick/server.rb:162:in `start_thread'
/usr/lib/ruby/1.8/webrick/server.rb:95:in `start'
/usr/lib/ruby/1.8/webrick/server.rb:92:in `each'
/usr/lib/ruby/1.8/webrick/server.rb:92:in `start'
/usr/lib/ruby/1.8/webrick/server.rb:23:in `start'
/usr/lib/ruby/1.8/webrick/server.rb:82:in `start'
/var/lib/gems/1.8/gems/rack-1.1.6/lib/rack/handler/webrick.rb:14:in `run'
/var/lib/gems/1.8/gems/rails-2.3.18/lib/commands/server.rb:111
/usr/lib/ruby/vendor_ruby/1.8/rubygems/custom_require.rb:36:in `gem_original_require'
/usr/lib/ruby/vendor_ruby/1.8/rubygems/custom_require.rb:36:in `require'
script/server:3

ActionView::TemplateError (compile error
/media/null/project/github/ruby-cool-captcha/app/views/captcha/test.html.erb:1: syntax error, unexpected ':', expecting '}'
...=> {:controller => 'captcha' :action => 'test'} do |f| ; @ou...
                              ^
/media/null/project/github/ruby-cool-captcha/app/views/captcha/test.html.erb:1: syntax error, unexpected '}', expecting kEND
...> 'captcha' :action => 'test'} do |f| ; @output_buffer.conca...
                              ^
/media/null/project/github/ruby-cool-captcha/app/views/captcha/test.html.erb:8: syntax error, unexpected kENSURE, expecting $end) on line #1 of app/views/captcha/test.html.erb:
1: <% form :url => {:controller => 'captcha' :action => 'test'} do |f| %>
2:   <%= render :partial => 'captcha/form' %>
3:   <p>
4:     <%= f.submit 'Check!'%>

    app/views/captcha/test.html.erb:8:in `compile!'
    /usr/lib/ruby/1.8/webrick/httpserver.rb:104:in `service'
    /usr/lib/ruby/1.8/webrick/httpserver.rb:65:in `run'
    /usr/lib/ruby/1.8/webrick/server.rb:173:in `start_thread'
    /usr/lib/ruby/1.8/webrick/server.rb:162:in `start'
    /usr/lib/ruby/1.8/webrick/server.rb:162:in `start_thread'
    /usr/lib/ruby/1.8/webrick/server.rb:95:in `start'
    /usr/lib/ruby/1.8/webrick/server.rb:92:in `each'
    /usr/lib/ruby/1.8/webrick/server.rb:92:in `start'
    /usr/lib/ruby/1.8/webrick/server.rb:23:in `start'
    /usr/lib/ruby/1.8/webrick/server.rb:82:in `start'

Rendered rescues/_trace (20.5ms)
Rendered rescues/_request_and_response (0.3ms)
Rendering rescues/layout (internal_server_error)


Processing CaptchaController#test (for 127.0.0.1 at 2013-09-16 14:23:18) [GET]
Rendering captcha/test

ActionView::TemplateError (You have a nil object when you didn't expect it!
You might have expected an instance of ActiveRecord::Base.
The error occurred while evaluating nil.new_record?) on line #1 of app/views/captcha/test.html.erb:
1: <% form :url => {:controller => 'captcha', :action => 'test'} do |f| %>
2:   <%= render :partial => 'captcha/form' %>
3:   <p>
4:     <%= f.submit 'Check!'%>

    app/views/captcha/test.html.erb:1
    /usr/lib/ruby/1.8/webrick/httpserver.rb:104:in `service'
    /usr/lib/ruby/1.8/webrick/httpserver.rb:65:in `run'
    /usr/lib/ruby/1.8/webrick/server.rb:173:in `start_thread'
    /usr/lib/ruby/1.8/webrick/server.rb:162:in `start'
    /usr/lib/ruby/1.8/webrick/server.rb:162:in `start_thread'
    /usr/lib/ruby/1.8/webrick/server.rb:95:in `start'
    /usr/lib/ruby/1.8/webrick/server.rb:92:in `each'
    /usr/lib/ruby/1.8/webrick/server.rb:92:in `start'
    /usr/lib/ruby/1.8/webrick/server.rb:23:in `start'
    /usr/lib/ruby/1.8/webrick/server.rb:82:in `start'

Rendered rescues/_trace (70.7ms)
Rendered rescues/_request_and_response (0.3ms)
Rendering rescues/layout (internal_server_error)


Processing CaptchaController#test (for 127.0.0.1 at 2013-09-16 14:24:59) [GET]
Rendering captcha/test
ERROR: compiling _run_erb_app47views47captcha47test46html46erb RAISED compile error
/media/null/project/github/ruby-cool-captcha/app/views/captcha/test.html.erb:1: syntax error, unexpected ':', expecting kEND
...plate=true ;  form_for @test :url => {:controller => 'captch...
                              ^
/media/null/project/github/ruby-cool-captcha/app/views/captcha/test.html.erb:1: syntax error, unexpected kDO, expecting kEND
...aptcha', :action => 'test'} do |f| ; @output_buffer.concat "...
                              ^
/media/null/project/github/ruby-cool-captcha/app/views/captcha/test.html.erb:8: syntax error, unexpected kENSURE, expecting $end
Function body:           def _run_erb_app47views47captcha47test46html46erb(local_assigns)
            old_output_buffer = output_buffer;;@output_buffer = '';  __in_erb_template=true ;  form_for @test :url => {:controller => 'captcha', :action => 'test'} do |f| ; @output_buffer.concat "\n  "
; @output_buffer.concat(( render :partial => 'captcha/form' ).to_s); @output_buffer.concat "\n  <p>\n    "

; @output_buffer.concat(( f.submit 'Check!').to_s); @output_buffer.concat "\n  </p>\n"

;  end ; @output_buffer.concat "\n"
; @output_buffer
          ensure
            self.output_buffer = old_output_buffer
          end
Backtrace: /media/null/project/github/ruby-cool-captcha/app/views/captcha/test.html.erb:8:in `compile!'
/var/lib/gems/1.8/gems/actionpack-2.3.18/lib/action_view/renderable.rb:61:in `compile'
/var/lib/gems/1.8/gems/actionpack-2.3.18/lib/action_view/renderable.rb:28:in `render'
/var/lib/gems/1.8/gems/actionpack-2.3.18/lib/action_view/template.rb:205:in `render_template'
/var/lib/gems/1.8/gems/actionpack-2.3.18/lib/action_view/base.rb:265:in `render'
/var/lib/gems/1.8/gems/actionpack-2.3.18/lib/action_controller/base.rb:1252:in `render_for_file'
/var/lib/gems/1.8/gems/actionpack-2.3.18/lib/action_controller/base.rb:936:in `render_without_benchmark'
/var/lib/gems/1.8/gems/actionpack-2.3.18/lib/action_controller/benchmarking.rb:51:in `render'
/var/lib/gems/1.8/gems/activesupport-2.3.18/lib/active_support/core_ext/benchmark.rb:17:in `ms'
/usr/lib/ruby/1.8/benchmark.rb:308:in `realtime'
/var/lib/gems/1.8/gems/activesupport-2.3.18/lib/active_support/core_ext/benchmark.rb:17:in `ms'
/var/lib/gems/1.8/gems/actionpack-2.3.18/lib/action_controller/benchmarking.rb:51:in `render'
/var/lib/gems/1.8/gems/actionpack-2.3.18/lib/action_controller/base.rb:1328:in `default_render'
/var/lib/gems/1.8/gems/actionpack-2.3.18/lib/action_controller/base.rb:1334:in `perform_action_without_filters'
/var/lib/gems/1.8/gems/actionpack-2.3.18/lib/action_controller/filters.rb:617:in `call_filters'
/var/lib/gems/1.8/gems/actionpack-2.3.18/lib/action_controller/filters.rb:610:in `perform_action_without_benchmark'
/var/lib/gems/1.8/gems/actionpack-2.3.18/lib/action_controller/benchmarking.rb:68:in `perform_action_without_rescue'
/var/lib/gems/1.8/gems/activesupport-2.3.18/lib/active_support/core_ext/benchmark.rb:17:in `ms'
/usr/lib/ruby/1.8/benchmark.rb:308:in `realtime'
/var/lib/gems/1.8/gems/activesupport-2.3.18/lib/active_support/core_ext/benchmark.rb:17:in `ms'
/var/lib/gems/1.8/gems/actionpack-2.3.18/lib/action_controller/benchmarking.rb:68:in `perform_action_without_rescue'
/var/lib/gems/1.8/gems/actionpack-2.3.18/lib/action_controller/rescue.rb:160:in `perform_action_without_flash'
/var/lib/gems/1.8/gems/actionpack-2.3.18/lib/action_controller/flash.rb:151:in `perform_action'
/var/lib/gems/1.8/gems/actionpack-2.3.18/lib/action_controller/base.rb:532:in `send'
/var/lib/gems/1.8/gems/actionpack-2.3.18/lib/action_controller/base.rb:532:in `process_without_filters'
/var/lib/gems/1.8/gems/actionpack-2.3.18/lib/action_controller/filters.rb:606:in `process'
/var/lib/gems/1.8/gems/actionpack-2.3.18/lib/action_controller/base.rb:391:in `process'
/var/lib/gems/1.8/gems/actionpack-2.3.18/lib/action_controller/base.rb:386:in `call'
/var/lib/gems/1.8/gems/actionpack-2.3.18/lib/action_controller/routing/route_set.rb:438:in `call'
/var/lib/gems/1.8/gems/actionpack-2.3.18/lib/action_controller/dispatcher.rb:87:in `dispatch'
/var/lib/gems/1.8/gems/actionpack-2.3.18/lib/action_controller/dispatcher.rb:121:in `_call'
/var/lib/gems/1.8/gems/actionpack-2.3.18/lib/action_controller/dispatcher.rb:130:in `build_middleware_stack'
/var/lib/gems/1.8/gems/activerecord-2.3.18/lib/active_record/query_cache.rb:29:in `call'
/var/lib/gems/1.8/gems/activerecord-2.3.18/lib/active_record/query_cache.rb:29:in `call'
/var/lib/gems/1.8/gems/activerecord-2.3.18/lib/active_record/connection_adapters/abstract/query_cache.rb:34:in `cache'
/var/lib/gems/1.8/gems/activerecord-2.3.18/lib/active_record/query_cache.rb:9:in `cache'
/var/lib/gems/1.8/gems/activerecord-2.3.18/lib/active_record/query_cache.rb:28:in `call'
/var/lib/gems/1.8/gems/activerecord-2.3.18/lib/active_record/connection_adapters/abstract/connection_pool.rb:361:in `call'
/var/lib/gems/1.8/gems/actionpack-2.3.18/lib/action_controller/string_coercion.rb:25:in `call'
/var/lib/gems/1.8/gems/rack-1.1.6/lib/rack/head.rb:9:in `call'
/var/lib/gems/1.8/gems/rack-1.1.6/lib/rack/methodoverride.rb:24:in `call'
/var/lib/gems/1.8/gems/actionpack-2.3.18/lib/action_controller/params_parser.rb:15:in `call'
/var/lib/gems/1.8/gems/actionpack-2.3.18/lib/action_controller/session/cookie_store.rb:99:in `call'
/var/lib/gems/1.8/gems/actionpack-2.3.18/lib/action_controller/failsafe.rb:26:in `call'
/var/lib/gems/1.8/gems/rack-1.1.6/lib/rack/lock.rb:11:in `call'
/var/lib/gems/1.8/gems/rack-1.1.6/lib/rack/lock.rb:11:in `synchronize'
/var/lib/gems/1.8/gems/rack-1.1.6/lib/rack/lock.rb:11:in `call'
/var/lib/gems/1.8/gems/actionpack-2.3.18/lib/action_controller/dispatcher.rb:114:in `call'
/var/lib/gems/1.8/gems/actionpack-2.3.18/lib/action_controller/reloader.rb:34:in `run'
/var/lib/gems/1.8/gems/actionpack-2.3.18/lib/action_controller/dispatcher.rb:108:in `call'
/var/lib/gems/1.8/gems/rails-2.3.18/lib/rails/rack/static.rb:31:in `call'
/var/lib/gems/1.8/gems/rack-1.1.6/lib/rack/urlmap.rb:47:in `call'
/var/lib/gems/1.8/gems/rack-1.1.6/lib/rack/urlmap.rb:41:in `each'
/var/lib/gems/1.8/gems/rack-1.1.6/lib/rack/urlmap.rb:41:in `call'
/var/lib/gems/1.8/gems/rails-2.3.18/lib/rails/rack/log_tailer.rb:17:in `call'
/var/lib/gems/1.8/gems/rack-1.1.6/lib/rack/content_length.rb:13:in `call'
/var/lib/gems/1.8/gems/rack-1.1.6/lib/rack/handler/webrick.rb:48:in `service'
/usr/lib/ruby/1.8/webrick/httpserver.rb:104:in `service'
/usr/lib/ruby/1.8/webrick/httpserver.rb:65:in `run'
/usr/lib/ruby/1.8/webrick/server.rb:173:in `start_thread'
/usr/lib/ruby/1.8/webrick/server.rb:162:in `start'
/usr/lib/ruby/1.8/webrick/server.rb:162:in `start_thread'
/usr/lib/ruby/1.8/webrick/server.rb:95:in `start'
/usr/lib/ruby/1.8/webrick/server.rb:92:in `each'
/usr/lib/ruby/1.8/webrick/server.rb:92:in `start'
/usr/lib/ruby/1.8/webrick/server.rb:23:in `start'
/usr/lib/ruby/1.8/webrick/server.rb:82:in `start'
/var/lib/gems/1.8/gems/rack-1.1.6/lib/rack/handler/webrick.rb:14:in `run'
/var/lib/gems/1.8/gems/rails-2.3.18/lib/commands/server.rb:111
/usr/lib/ruby/vendor_ruby/1.8/rubygems/custom_require.rb:36:in `gem_original_require'
/usr/lib/ruby/vendor_ruby/1.8/rubygems/custom_require.rb:36:in `require'
script/server:3

ActionView::TemplateError (compile error
/media/null/project/github/ruby-cool-captcha/app/views/captcha/test.html.erb:1: syntax error, unexpected ':', expecting kEND
...plate=true ;  form_for @test :url => {:controller => 'captch...
                              ^
/media/null/project/github/ruby-cool-captcha/app/views/captcha/test.html.erb:1: syntax error, unexpected kDO, expecting kEND
...aptcha', :action => 'test'} do |f| ; @output_buffer.concat "...
                              ^
/media/null/project/github/ruby-cool-captcha/app/views/captcha/test.html.erb:8: syntax error, unexpected kENSURE, expecting $end) on line #1 of app/views/captcha/test.html.erb:
1: <% form_for @test :url => {:controller => 'captcha', :action => 'test'} do |f| %>
2:   <%= render :partial => 'captcha/form' %>
3:   <p>
4:     <%= f.submit 'Check!'%>

    app/views/captcha/test.html.erb:8:in `compile!'
    /usr/lib/ruby/1.8/webrick/httpserver.rb:104:in `service'
    /usr/lib/ruby/1.8/webrick/httpserver.rb:65:in `run'
    /usr/lib/ruby/1.8/webrick/server.rb:173:in `start_thread'
    /usr/lib/ruby/1.8/webrick/server.rb:162:in `start'
    /usr/lib/ruby/1.8/webrick/server.rb:162:in `start_thread'
    /usr/lib/ruby/1.8/webrick/server.rb:95:in `start'
    /usr/lib/ruby/1.8/webrick/server.rb:92:in `each'
    /usr/lib/ruby/1.8/webrick/server.rb:92:in `start'
    /usr/lib/ruby/1.8/webrick/server.rb:23:in `start'
    /usr/lib/ruby/1.8/webrick/server.rb:82:in `start'

Rendered rescues/_trace (19.4ms)
Rendered rescues/_request_and_response (0.3ms)
Rendering rescues/layout (internal_server_error)


Processing CaptchaController#test (for 127.0.0.1 at 2013-09-16 14:25:14) [GET]
Rendering captcha/test
Rendered captcha/_form (1.3ms)
Completed in 21ms (View: 19, DB: 0) | 200 OK [http://127.0.0.1/]


Processing CaptchaController#generate (for 127.0.0.1 at 2013-09-16 14:25:14) [GET]
Sending data 
Completed in 36ms (View: 1, DB: 0) | 200 OK [http://127.0.0.1/captcha/generate]


Processing CaptchaController#test (for 127.0.0.1 at 2013-09-16 14:25:18) [GET]
Rendering captcha/test
Rendered captcha/_form (0.1ms)
Completed in 6ms (View: 4, DB: 0) | 200 OK [http://127.0.0.1/]


Processing CaptchaController#generate (for 127.0.0.1 at 2013-09-16 14:25:18) [GET]
Sending data 
Completed in 100ms (View: 1, DB: 0) | 200 OK [http://127.0.0.1/captcha/generate]


Processing CaptchaController#test (for 127.0.0.1 at 2013-09-16 14:25:18) [GET]
Rendering captcha/test
Rendered captcha/_form (0.1ms)
Completed in 7ms (View: 5, DB: 0) | 200 OK [http://127.0.0.1/]


Processing CaptchaController#generate (for 127.0.0.1 at 2013-09-16 14:25:18) [GET]
Sending data 
Completed in 35ms (View: 1, DB: 0) | 200 OK [http://127.0.0.1/captcha/generate]


Processing CaptchaController#generate (for 127.0.0.1 at 2013-09-16 14:25:20) [GET]
  Parameters: {"0.6844025598838925"=>nil}
Sending data 
Completed in 37ms (View: 1, DB: 0) | 200 OK [http://127.0.0.1/captcha/generate?0.6844025598838925]


Processing CaptchaController#test (for 127.0.0.1 at 2013-09-16 14:25:24) [PUT]
  Parameters: {"captcha"=>"koftgar", "commit"=>"Check!", "authenticity_token"=>"pQEzjAUM2NPM+YvA6e5poUFW2L8AziC7UxXXsgSJg28="}
Completed in 2ms (View: 1, DB: 0) | 200 OK [http://127.0.0.1/captcha/test]


Processing CaptchaController#test (for 127.0.0.1 at 2013-09-16 14:25:28) [PUT]
  Parameters: {"captcha"=>"arfadsf", "commit"=>"Check!", "authenticity_token"=>"pQEzjAUM2NPM+YvA6e5poUFW2L8AziC7UxXXsgSJg28="}
Completed in 3ms (View: 1, DB: 0) | 200 OK [http://127.0.0.1/captcha/test]


Processing CaptchaController#test (for 127.0.0.1 at 2013-09-16 14:38:36) [GET]
Rendering captcha/test
Rendered captcha/_form (1.3ms)
Completed in 12ms (View: 10, DB: 0) | 200 OK [http://127.0.0.1/]


Processing CaptchaController#generate (for 127.0.0.1 at 2013-09-16 14:38:36) [GET]
Sending data 
Completed in 39ms (View: 1, DB: 0) | 200 OK [http://127.0.0.1/captcha/generate]


Processing CaptchaController#test (for 127.0.0.1 at 2013-09-16 14:38:36) [GET]
Rendering captcha/test
Rendered captcha/_form (0.1ms)
Completed in 7ms (View: 5, DB: 0) | 200 OK [http://127.0.0.1/]


Processing CaptchaController#generate (for 127.0.0.1 at 2013-09-16 14:38:36) [GET]
Sending data 
Completed in 34ms (View: 1, DB: 0) | 200 OK [http://127.0.0.1/captcha/generate]


Processing CaptchaController#test (for 127.0.0.1 at 2013-09-16 14:38:40) [PUT]
  Parameters: {"captcha"=>"libken", "commit"=>"Check!", "authenticity_token"=>"pQEzjAUM2NPM+YvA6e5poUFW2L8AziC7UxXXsgSJg28="}
Completed in 2ms (View: 1, DB: 0) | 200 OK [http://127.0.0.1/captcha/test]
